TN:
SF:src\router.ts
FN:23,(anonymous_0)
FN:37,(anonymous_1)
FNF:2
FNH:2
FNDA:4,(anonymous_0)
FNDA:5,(anonymous_1)
DA:1,2
DA:2,2
DA:3,2
DA:4,2
DA:6,2
DA:9,2
DA:11,2
DA:16,2
DA:23,4
DA:29,2
DA:37,5
DA:42,2
DA:47,2
DA:53,2
LF:14
LH:14
BRF:0
BRH:0
end_of_record
TN:
SF:src\server.ts
FN:6,connectDB
FN:27,(anonymous_2)
FNF:2
FNH:2
FNDA:3,connectDB
FNDA:1,(anonymous_2)
DA:1,2
DA:2,2
DA:3,2
DA:4,2
DA:6,2
DA:7,3
DA:8,3
DA:9,2
DA:13,1
DA:17,2
DA:20,2
DA:23,2
DA:25,2
DA:27,2
DA:28,1
DA:32,2
LF:16
LH:16
BRF:0
BRH:0
end_of_record
TN:
SF:src\config\db.ts
FNF:0
FNH:0
DA:1,2
DA:2,2
DA:3,2
DA:7,2
DA:12,2
LF:5
LH:5
BRF:0
BRH:0
end_of_record
TN:
SF:src\handlers\products.ts
FN:4,(anonymous_1)
FN:14,(anonymous_2)
FN:32,(anonymous_3)
FN:44,(anonymous_4)
FN:62,(anonymous_5)
FN:79,(anonymous_6)
FNF:6
FNH:6
FNDA:2,(anonymous_1)
FNDA:2,(anonymous_2)
FNDA:1,(anonymous_3)
FNDA:2,(anonymous_4)
FNDA:2,(anonymous_5)
FNDA:2,(anonymous_6)
DA:2,2
DA:4,2
DA:5,2
DA:6,2
DA:7,2
DA:9,0
DA:14,2
DA:15,2
DA:16,2
DA:17,2
DA:19,2
DA:20,1
DA:25,1
DA:27,0
DA:32,2
DA:33,1
DA:34,1
DA:36,1
DA:38,0
DA:44,2
DA:46,2
DA:47,2
DA:49,2
DA:50,1
DA:56,1
DA:57,1
DA:58,1
DA:62,2
DA:64,2
DA:65,2
DA:67,2
DA:68,1
DA:74,1
DA:75,1
DA:76,1
DA:79,2
DA:81,2
DA:82,2
DA:84,2
DA:85,1
DA:90,1
DA:91,1
LF:42
LH:39
BRDA:19,0,0,1
BRDA:19,0,1,1
BRDA:49,1,0,1
BRDA:49,1,1,1
BRDA:67,2,0,1
BRDA:67,2,1,1
BRDA:84,3,0,1
BRDA:84,3,1,1
BRF:8
BRH:8
end_of_record
TN:
SF:src\middleware\index.ts
FN:4,(anonymous_0)
FNF:1
FNH:1
FNDA:17,(anonymous_0)
DA:2,2
DA:4,2
DA:6,17
DA:7,17
DA:8,8
DA:11,9
LF:6
LH:6
BRDA:7,0,0,8
BRDA:7,0,1,9
BRF:2
BRH:2
end_of_record
TN:
SF:src\models\Product.model.ts
FNF:0
FNH:0
DA:1,3
DA:7,3
DA:11,3
DA:16,3
DA:22,3
DA:25,3
LF:6
LH:6
BRF:0
BRH:0
end_of_record
